2024-05-01 20:57:38,637 - INFO - Кэш устарел, обновление базы данных...
2024-05-01 20:57:38,638 - INFO - file_cache is only supported with oauth2client<4.0.0
2024-05-01 21:15:19,855 - INFO - Кэш устарел, обновление базы данных...
2024-05-01 21:15:19,856 - INFO - file_cache is only supported with oauth2client<4.0.0
2024-05-01 21:18:00,310 - INFO - Кэш устарел, обновление базы данных...
2024-05-01 21:18:00,311 - INFO - file_cache is only supported with oauth2client<4.0.0
2024-05-01 21:18:00,683 - INFO - База данных успешно обновлена.
2024-05-02 06:36:52,046 - INFO - Кэш актуален, обновление не требуется.
2024-05-02 06:45:37,204 - INFO - Кэш актуален, обновление не требуется.
2024-05-06 07:22:11,802 - INFO - Кэш устарел, обновление базы данных...
2024-05-06 07:22:11,805 - INFO - file_cache is only supported with oauth2client<4.0.0
2024-05-06 07:22:12,221 - INFO - База данных успешно обновлена.
2024-05-16 10:51:42,866 - INFO - Кэш устарел, обновление базы данных...
2024-05-16 10:51:42,869 - INFO - file_cache is only supported with oauth2client<4.0.0
2024-05-16 10:51:42,880 - INFO - База данных успешно обновлена.
2024-05-19 14:59:10,978 - INFO - Кэш устарел, обновление базы данных...
2024-05-19 14:59:10,980 - INFO - file_cache is only supported with oauth2client<4.0.0
2024-05-19 14:59:11,352 - INFO - База данных успешно обновлена.
2024-05-19 15:00:28,221 - INFO - Кэш актуален, обновление не требуется.
2024-05-19 15:02:07,706 - INFO - Кэш актуален, обновление не требуется.
2024-05-19 15:05:07,616 - INFO - Кэш актуален, обновление не требуется.
2024-05-19 15:05:22,875 - INFO - Кэш актуален, обновление не требуется.
2024-05-19 15:08:32,073 - INFO - Кэш актуален, обновление не требуется.
2024-05-19 15:14:55,186 - ERROR - Ошибка при подключении к базе данных: 2003 (HY000): Can't connect to MySQL server on 'localhost:3306' (111)
2024-05-19 15:14:55,187 - INFO - Кэш устарел, обновление базы данных...
2024-05-19 15:14:55,206 - INFO - file_cache is only supported with oauth2client<4.0.0
2024-05-19 15:14:56,014 - ERROR - Ошибка при подключении к базе данных: 2003 (HY000): Can't connect to MySQL server on 'localhost:3306' (111)
2024-05-19 15:14:56,014 - ERROR - Ошибка при обновлении базы данных: не удалось подключиться.
2024-05-19 15:14:56,014 - ERROR - Ошибка при подключении к базе данных: 2003 (HY000): Can't connect to MySQL server on 'localhost:3306' (111)
2024-05-19 16:14:56,065 - INFO - Кэш актуален, обновление не требуется.
2024-05-19 17:14:56,087 - INFO - Кэш актуален, обновление не требуется.
2024-05-19 18:14:56,112 - INFO - Кэш актуален, обновление не требуется.
2024-05-19 19:14:56,131 - INFO - Кэш актуален, обновление не требуется.
2024-05-19 20:14:56,172 - INFO - Кэш актуален, обновление не требуется.
2024-05-19 20:55:13,375 - ERROR - Ошибка при подключении к базе данных: 2003 (HY000): Can't connect to MySQL server on 'localhost:3306' (111)
2024-05-19 20:55:13,376 - INFO - Кэш устарел, обновление базы данных...
2024-05-19 20:55:13,399 - INFO - file_cache is only supported with oauth2client<4.0.0
2024-05-19 20:55:14,320 - ERROR - Ошибка при подключении к базе данных: 2003 (HY000): Can't connect to MySQL server on 'localhost:3306' (111)
2024-05-19 20:55:14,321 - ERROR - Ошибка при обновлении базы данных: не удалось подключиться.
2024-05-19 20:55:14,321 - ERROR - Ошибка при подключении к базе данных: 2003 (HY000): Can't connect to MySQL server on 'localhost:3306' (111)
2024-05-19 21:01:13,353 - ERROR - Ошибка при подключении к базе данных: 2003 (HY000): Can't connect to MySQL server on 'localhost:3306' (111)
2024-05-19 21:01:13,360 - INFO - Кэш устарел, обновление базы данных...
2024-05-19 21:01:13,373 - INFO - file_cache is only supported with oauth2client<4.0.0
2024-05-19 21:01:14,261 - ERROR - Ошибка при подключении к базе данных: 2003 (HY000): Can't connect to MySQL server on 'localhost:3306' (111)
2024-05-19 21:01:14,261 - ERROR - Ошибка при обновлении базы данных: не удалось подключиться.
2024-05-19 21:01:14,262 - ERROR - Ошибка при подключении к базе данных: 2003 (HY000): Can't connect to MySQL server on 'localhost:3306' (111)
2024-05-19 21:18:25,238 - ERROR - Ошибка при подключении к базе данных: 2003 (HY000): Can't connect to MySQL server on 'localhost:3306' (111)
2024-05-19 21:18:25,249 - INFO - Кэш устарел, обновление базы данных...
2024-05-19 21:18:25,252 - INFO - file_cache is only supported with oauth2client<4.0.0
2024-05-19 21:18:26,054 - ERROR - Ошибка при подключении к базе данных: 2003 (HY000): Can't connect to MySQL server on 'localhost:3306' (111)
2024-05-19 21:18:26,054 - ERROR - Ошибка при обновлении базы данных: не удалось подключиться.
2024-05-19 21:18:26,056 - ERROR - Ошибка при подключении к базе данных: 2003 (HY000): Can't connect to MySQL server on 'localhost:3306' (111)
2024-05-19 21:26:10,233 - ERROR - Ошибка при подключении к базе данных: 2003 (HY000): Can't connect to MySQL server on 'localhost:3306' (111)
2024-05-19 21:26:10,233 - INFO - Кэш устарел, обновление базы данных...
2024-05-19 21:26:10,248 - INFO - file_cache is only supported with oauth2client<4.0.0
2024-05-19 21:26:11,028 - ERROR - Ошибка при подключении к базе данных: 2003 (HY000): Can't connect to MySQL server on 'localhost:3306' (111)
2024-05-19 21:26:11,028 - ERROR - Ошибка при обновлении базы данных: не удалось подключиться.
2024-05-19 21:26:11,029 - ERROR - Ошибка при подключении к базе данных: 2003 (HY000): Can't connect to MySQL server on 'localhost:3306' (111)
2024-05-19 21:30:55,583 - ERROR - Ошибка при подключении к базе данных: 2003 (HY000): Can't connect to MySQL server on 'localhost:3306' (111)
2024-05-19 21:30:55,590 - INFO - Кэш устарел, обновление базы данных...
2024-05-19 21:30:55,598 - INFO - file_cache is only supported with oauth2client<4.0.0
2024-05-19 21:30:56,366 - ERROR - Ошибка при подключении к базе данных: 2003 (HY000): Can't connect to MySQL server on 'localhost:3306' (111)
2024-05-19 21:30:56,366 - ERROR - Ошибка при обновлении базы данных: не удалось подключиться.
2024-05-19 21:30:56,367 - ERROR - Ошибка при подключении к базе данных: 2003 (HY000): Can't connect to MySQL server on 'localhost:3306' (111)
2024-05-19 22:06:52,065 - ERROR - Ошибка при подключении к базе данных: 2003 (HY000): Can't connect to MySQL server on 'localhost:3306' (111)
2024-05-19 22:06:52,068 - INFO - Кэш устарел, обновление базы данных...
2024-05-19 22:06:52,086 - INFO - file_cache is only supported with oauth2client<4.0.0
2024-05-19 22:06:52,829 - ERROR - Ошибка при подключении к базе данных: 2003 (HY000): Can't connect to MySQL server on 'localhost:3306' (111)
2024-05-19 22:06:52,829 - ERROR - Ошибка при обновлении базы данных: не удалось подключиться.
2024-05-19 22:06:52,829 - ERROR - Ошибка при подключении к базе данных: 2003 (HY000): Can't connect to MySQL server on 'localhost:3306' (111)
2024-05-19 22:09:34,920 - ERROR - Ошибка при подключении к базе данных: 2003 (HY000): Can't connect to MySQL server on 'localhost:3306' (111)
2024-05-19 22:09:34,928 - INFO - Кэш устарел, обновление базы данных...
2024-05-19 22:09:35,799 - ERROR - Ошибка при подключении к базе данных: 2003 (HY000): Can't connect to MySQL server on 'localhost:3306' (111)
2024-05-19 22:09:35,799 - ERROR - Ошибка при обновлении базы данных: не удалось подключиться.
2024-05-19 22:09:35,800 - ERROR - Ошибка при подключении к базе данных: 2003 (HY000): Can't connect to MySQL server on 'localhost:3306' (111)
2024-05-19 22:15:13,069 - INFO - Успешное подключение к базе данных.
2024-05-19 22:15:13,081 - INFO - Кэш актуален, обновление не требуется.
2024-05-19 22:40:37,603 - ERROR - Ошибка при подключении к базе данных: 2003 (HY000): Can't connect to MySQL server on 'localhost:3306' (111)
2024-05-19 22:40:37,604 - INFO - Кэш устарел, обновление базы данных...
2024-05-19 22:40:38,350 - ERROR - Ошибка при подключении к базе данных: 2003 (HY000): Can't connect to MySQL server on 'localhost:3306' (111)
2024-05-19 22:40:38,350 - ERROR - Ошибка при обновлении базы данных: не удалось подключиться.
2024-05-19 22:40:38,350 - ERROR - Ошибка при подключении к базе данных: 2003 (HY000): Can't connect to MySQL server on 'localhost:3306' (111)
2024-05-19 22:42:11,327 - ERROR - Ошибка при подключении к базе данных: 2003 (HY000): Can't connect to MySQL server on 'localhost:3306' (111)
2024-05-19 22:42:11,337 - INFO - Кэш устарел, обновление базы данных...
2024-05-19 22:42:12,140 - ERROR - Ошибка при подключении к базе данных: 2003 (HY000): Can't connect to MySQL server on 'localhost:3306' (111)
2024-05-19 22:42:12,140 - ERROR - Ошибка при обновлении базы данных: не удалось подключиться.
2024-05-19 22:42:12,141 - ERROR - Ошибка при подключении к базе данных: 2003 (HY000): Can't connect to MySQL server on 'localhost:3306' (111)
2024-05-19 22:59:45,885 - INFO - Успешное подключение к базе данных.
2024-05-19 22:59:45,902 - INFO - Кэш актуален, обновление не требуется.
2024-05-19 23:05:15,990 - INFO - Успешное подключение к базе данных.
2024-05-19 23:05:15,995 - INFO - Кэш актуален, обновление не требуется.
2024-05-19 23:09:02,567 - INFO - Успешное подключение к базе данных.
2024-05-19 23:09:02,571 - INFO - Кэш актуален, обновление не требуется.
2024-05-19 23:47:30,167 - INFO - Успешное подключение к базе данных.
2024-05-19 23:47:30,173 - INFO - Кэш актуален, обновление не требуется.
2024-05-20 00:13:08,194 - INFO - Успешное подключение к базе данных.
2024-05-20 00:13:08,231 - INFO - Кэш актуален, обновление не требуется.
2024-05-20 00:17:25,683 - INFO - Успешное подключение к базе данных.
2024-05-20 00:17:25,699 - INFO - Кэш актуален, обновление не требуется.
2024-05-20 00:20:18,469 - INFO - Успешное подключение к базе данных.
2024-05-20 00:20:18,479 - INFO - Кэш актуален, обновление не требуется.
2024-05-20 00:23:33,441 - ERROR - Ошибка при подключении к базе данных: 2003 (HY000): Can't connect to MySQL server on 'localhost:3306' (111)
2024-05-20 00:23:33,451 - INFO - Кэш устарел, обновление базы данных...
2024-05-20 00:23:34,185 - ERROR - Ошибка при подключении к базе данных: 2003 (HY000): Can't connect to MySQL server on 'localhost:3306' (111)
2024-05-20 00:23:34,186 - ERROR - Ошибка при обновлении базы данных: не удалось подключиться.
2024-05-20 00:23:34,186 - ERROR - Ошибка при подключении к базе данных: 2003 (HY000): Can't connect to MySQL server on 'localhost:3306' (111)
2024-05-20 01:23:34,253 - INFO - Успешное подключение к базе данных.
2024-05-20 01:23:34,281 - INFO - Кэш актуален, обновление не требуется.
2024-05-20 02:23:34,310 - INFO - Успешное подключение к базе данных.
2024-05-20 02:23:34,314 - INFO - Кэш актуален, обновление не требуется.
2024-05-20 03:23:34,339 - INFO - Успешное подключение к базе данных.
2024-05-20 03:23:34,342 - INFO - Кэш актуален, обновление не требуется.
2024-05-20 04:23:34,364 - INFO - Успешное подключение к базе данных.
2024-05-20 04:23:34,368 - INFO - Кэш актуален, обновление не требуется.
2024-05-20 05:23:34,390 - INFO - Успешное подключение к базе данных.
2024-05-20 05:23:34,394 - INFO - Кэш актуален, обновление не требуется.
2024-05-20 06:23:34,423 - INFO - Успешное подключение к базе данных.
2024-05-20 06:23:34,426 - INFO - Кэш актуален, обновление не требуется.
2024-05-20 07:23:34,450 - INFO - Успешное подключение к базе данных.
2024-05-20 07:23:34,453 - INFO - Кэш актуален, обновление не требуется.
2024-05-20 08:23:34,479 - INFO - Успешное подключение к базе данных.
2024-05-20 08:23:34,482 - INFO - Кэш актуален, обновление не требуется.
2024-05-20 09:23:34,513 - INFO - Успешное подключение к базе данных.
2024-05-20 09:23:34,517 - INFO - Кэш актуален, обновление не требуется.
2024-05-20 10:05:20,916 - INFO - Успешное подключение к базе данных.
2024-05-20 10:05:20,918 - INFO - Кэш актуален, обновление не требуется.
2024-05-20 11:05:20,938 - INFO - Успешное подключение к базе данных.
2024-05-20 11:05:20,941 - INFO - Кэш актуален, обновление не требуется.
2024-05-20 11:20:40,150 - INFO - Успешное подключение к базе данных.
2024-05-20 11:20:40,152 - INFO - Кэш актуален, обновление не требуется.
2024-05-20 12:20:40,167 - INFO - Успешное подключение к базе данных.
2024-05-20 12:20:40,169 - INFO - Кэш актуален, обновление не требуется.
2024-05-20 13:20:40,189 - INFO - Успешное подключение к базе данных.
2024-05-20 13:20:40,191 - INFO - Кэш актуален, обновление не требуется.
2024-05-20 14:20:40,213 - INFO - Успешное подключение к базе данных.
2024-05-20 14:20:40,216 - INFO - Кэш актуален, обновление не требуется.
2024-05-20 15:20:40,235 - INFO - Успешное подключение к базе данных.
2024-05-20 15:20:40,238 - INFO - Кэш устарел, обновление базы данных...
2024-05-20 15:20:40,630 - INFO - Успешное подключение к базе данных.
2024-05-20 15:20:40,646 - INFO - База данных успешно обновлена.
2024-05-20 15:20:40,665 - INFO - Успешное подключение к базе данных.
2024-05-20 16:20:40,699 - INFO - Успешное подключение к базе данных.
2024-05-20 16:20:40,703 - INFO - Кэш актуален, обновление не требуется.
2024-05-20 17:20:40,724 - INFO - Успешное подключение к базе данных.
2024-05-20 17:20:40,727 - INFO - Кэш актуален, обновление не требуется.
2024-05-20 18:20:40,759 - INFO - Успешное подключение к базе данных.
2024-05-20 18:20:40,762 - INFO - Кэш актуален, обновление не требуется.
2024-05-20 19:20:40,785 - INFO - Успешное подключение к базе данных.
2024-05-20 19:20:40,788 - INFO - Кэш актуален, обновление не требуется.
2024-05-20 20:20:40,817 - INFO - Успешное подключение к базе данных.
2024-05-20 20:20:40,821 - INFO - Кэш актуален, обновление не требуется.
2024-05-20 21:20:40,848 - INFO - Успешное подключение к базе данных.
2024-05-20 21:20:40,852 - INFO - Кэш актуален, обновление не требуется.
2024-05-20 22:20:40,877 - INFO - Успешное подключение к базе данных.
2024-05-20 22:20:40,880 - INFO - Кэш актуален, обновление не требуется.
2024-05-20 23:20:40,905 - INFO - Успешное подключение к базе данных.
2024-05-20 23:20:40,909 - INFO - Кэш актуален, обновление не требуется.
2024-05-21 00:20:40,930 - INFO - Успешное подключение к базе данных.
2024-05-21 00:20:40,934 - INFO - Кэш актуален, обновление не требуется.
2024-05-21 01:20:40,958 - INFO - Успешное подключение к базе данных.
2024-05-21 01:20:40,962 - INFO - Кэш актуален, обновление не требуется.
2024-05-21 02:20:40,986 - INFO - Успешное подключение к базе данных.
2024-05-21 02:20:40,990 - INFO - Кэш актуален, обновление не требуется.
2024-05-21 03:20:41,038 - INFO - Успешное подключение к базе данных.
2024-05-21 03:20:41,045 - INFO - Кэш актуален, обновление не требуется.
2024-05-21 04:20:41,078 - INFO - Успешное подключение к базе данных.
2024-05-21 04:20:41,082 - INFO - Кэш актуален, обновление не требуется.
2024-05-21 05:20:41,122 - INFO - Успешное подключение к базе данных.
2024-05-21 05:20:41,131 - INFO - Кэш актуален, обновление не требуется.
2024-05-21 06:20:41,154 - INFO - Успешное подключение к базе данных.
2024-05-21 06:20:41,158 - INFO - Кэш актуален, обновление не требуется.
2024-05-21 07:20:41,180 - INFO - Успешное подключение к базе данных.
2024-05-21 07:20:41,184 - INFO - Кэш актуален, обновление не требуется.
2024-05-21 08:20:41,216 - INFO - Успешное подключение к базе данных.
2024-05-21 08:20:41,219 - INFO - Кэш актуален, обновление не требуется.
2024-05-21 09:20:41,241 - INFO - Успешное подключение к базе данных.
2024-05-21 09:20:41,244 - INFO - Кэш актуален, обновление не требуется.
2024-05-21 10:20:41,270 - INFO - Успешное подключение к базе данных.
2024-05-21 10:20:41,274 - INFO - Кэш актуален, обновление не требуется.
2024-05-21 11:20:41,298 - INFO - Успешное подключение к базе данных.
2024-05-21 11:20:41,301 - INFO - Кэш актуален, обновление не требуется.
2024-05-21 12:20:41,335 - INFO - Успешное подключение к базе данных.
2024-05-21 12:20:41,339 - INFO - Кэш актуален, обновление не требуется.
2024-05-21 13:20:41,364 - INFO - Успешное подключение к базе данных.
2024-05-21 13:20:41,367 - INFO - Кэш актуален, обновление не требуется.
2024-05-21 14:20:41,396 - INFO - Успешное подключение к базе данных.
2024-05-21 14:20:41,400 - INFO - Кэш актуален, обновление не требуется.
2024-05-21 15:20:41,426 - INFO - Успешное подключение к базе данных.
2024-05-21 15:20:41,429 - INFO - Кэш устарел, обновление базы данных...
2024-05-21 15:20:41,811 - INFO - Успешное подключение к базе данных.
2024-05-21 15:20:41,841 - INFO - База данных успешно обновлена.
2024-05-21 15:20:41,852 - INFO - Успешное подключение к базе данных.
2024-05-21 16:20:41,880 - INFO - Успешное подключение к базе данных.
2024-05-21 16:20:41,884 - INFO - Кэш актуален, обновление не требуется.
2024-05-21 17:20:41,907 - INFO - Успешное подключение к базе данных.
2024-05-21 17:20:41,911 - INFO - Кэш актуален, обновление не требуется.
2024-05-21 18:20:41,937 - INFO - Успешное подключение к базе данных.
2024-05-21 18:20:41,941 - INFO - Кэш актуален, обновление не требуется.
2024-05-21 19:20:41,967 - INFO - Успешное подключение к базе данных.
2024-05-21 19:20:41,971 - INFO - Кэш актуален, обновление не требуется.
2024-05-21 20:20:41,995 - INFO - Успешное подключение к базе данных.
2024-05-21 20:20:41,998 - INFO - Кэш актуален, обновление не требуется.
2024-05-21 21:20:42,021 - INFO - Успешное подключение к базе данных.
2024-05-21 21:20:42,024 - INFO - Кэш актуален, обновление не требуется.
2024-05-21 22:20:42,051 - INFO - Успешное подключение к базе данных.
2024-05-21 22:20:42,055 - INFO - Кэш актуален, обновление не требуется.
2024-05-21 23:20:42,078 - INFO - Успешное подключение к базе данных.
2024-05-21 23:20:42,081 - INFO - Кэш актуален, обновление не требуется.
2024-05-22 00:20:42,103 - INFO - Успешное подключение к базе данных.
2024-05-22 00:20:42,107 - INFO - Кэш актуален, обновление не требуется.
2024-05-22 01:20:42,129 - INFO - Успешное подключение к базе данных.
2024-05-22 01:20:42,132 - INFO - Кэш актуален, обновление не требуется.
2024-05-22 02:20:42,154 - INFO - Успешное подключение к базе данных.
2024-05-22 02:20:42,157 - INFO - Кэш актуален, обновление не требуется.
2024-05-22 03:20:42,187 - INFO - Успешное подключение к базе данных.
2024-05-22 03:20:42,193 - INFO - Кэш актуален, обновление не требуется.
2024-05-22 04:20:42,223 - INFO - Успешное подключение к базе данных.
2024-05-22 04:20:42,226 - INFO - Кэш актуален, обновление не требуется.
2024-05-22 05:20:42,250 - INFO - Успешное подключение к базе данных.
2024-05-22 05:20:42,254 - INFO - Кэш актуален, обновление не требуется.
2024-05-22 06:20:42,305 - INFO - Успешное подключение к базе данных.
2024-05-22 06:20:42,311 - INFO - Кэш актуален, обновление не требуется.
2024-05-22 07:20:42,330 - INFO - Успешное подключение к базе данных.
2024-05-22 07:20:42,333 - INFO - Кэш актуален, обновление не требуется.
2024-05-22 08:20:42,355 - INFO - Успешное подключение к базе данных.
2024-05-22 08:20:42,359 - INFO - Кэш актуален, обновление не требуется.
2024-05-22 09:20:42,383 - INFO - Успешное подключение к базе данных.
2024-05-22 09:20:42,386 - INFO - Кэш актуален, обновление не требуется.
2024-05-22 10:20:42,409 - INFO - Успешное подключение к базе данных.
2024-05-22 10:20:42,414 - INFO - Кэш актуален, обновление не требуется.
2024-05-22 11:20:42,443 - INFO - Успешное подключение к базе данных.
2024-05-22 11:20:42,447 - INFO - Кэш актуален, обновление не требуется.
2024-05-22 12:20:42,474 - INFO - Успешное подключение к базе данных.
2024-05-22 12:20:42,478 - INFO - Кэш актуален, обновление не требуется.
2024-05-22 13:20:42,502 - INFO - Успешное подключение к базе данных.
2024-05-22 13:20:42,506 - INFO - Кэш актуален, обновление не требуется.
2024-05-22 14:20:42,527 - INFO - Успешное подключение к базе данных.
2024-05-22 14:20:42,530 - INFO - Кэш актуален, обновление не требуется.
2024-05-22 15:20:42,557 - INFO - Успешное подключение к базе данных.
2024-05-22 15:20:42,560 - INFO - Кэш устарел, обновление базы данных...
2024-05-22 15:20:42,998 - INFO - Успешное подключение к базе данных.
2024-05-22 15:20:43,029 - INFO - База данных успешно обновлена.
2024-05-22 15:20:43,041 - INFO - Успешное подключение к базе данных.
2024-05-22 16:20:43,065 - INFO - Успешное подключение к базе данных.
2024-05-22 16:20:43,074 - INFO - Кэш актуален, обновление не требуется.
2024-05-22 17:20:43,104 - INFO - Успешное подключение к базе данных.
2024-05-22 17:20:43,108 - INFO - Кэш актуален, обновление не требуется.
2024-05-22 18:20:43,133 - INFO - Успешное подключение к базе данных.
2024-05-22 18:20:43,137 - INFO - Кэш актуален, обновление не требуется.
2024-05-22 19:20:43,169 - INFO - Успешное подключение к базе данных.
2024-05-22 19:20:43,174 - INFO - Кэш актуален, обновление не требуется.
2024-05-22 20:20:43,202 - INFO - Успешное подключение к базе данных.
2024-05-22 20:20:43,205 - INFO - Кэш актуален, обновление не требуется.
2024-05-22 21:20:43,236 - INFO - Успешное подключение к базе данных.
2024-05-22 21:20:43,241 - INFO - Кэш актуален, обновление не требуется.
2024-05-22 22:20:43,275 - INFO - Успешное подключение к базе данных.
2024-05-22 22:20:43,279 - INFO - Кэш актуален, обновление не требуется.
2024-05-22 23:20:43,299 - INFO - Успешное подключение к базе данных.
2024-05-22 23:20:43,301 - INFO - Кэш актуален, обновление не требуется.
2024-05-23 00:20:43,314 - INFO - Успешное подключение к базе данных.
2024-05-23 00:20:43,315 - INFO - Кэш актуален, обновление не требуется.
2024-05-23 01:20:43,328 - INFO - Успешное подключение к базе данных.
2024-05-23 01:20:43,329 - INFO - Кэш актуален, обновление не требуется.
2024-05-23 02:20:43,347 - INFO - Успешное подключение к базе данных.
2024-05-23 02:20:43,348 - INFO - Кэш актуален, обновление не требуется.
2024-05-23 03:20:43,368 - INFO - Успешное подключение к базе данных.
2024-05-23 03:20:43,370 - INFO - Кэш актуален, обновление не требуется.
2024-05-23 04:20:43,385 - INFO - Успешное подключение к базе данных.
2024-05-23 04:20:43,386 - INFO - Кэш актуален, обновление не требуется.
2024-05-23 05:20:43,400 - INFO - Успешное подключение к базе данных.
2024-05-23 05:20:43,401 - INFO - Кэш актуален, обновление не требуется.
2024-05-23 06:20:43,416 - INFO - Успешное подключение к базе данных.
2024-05-23 06:20:43,417 - INFO - Кэш актуален, обновление не требуется.
2024-05-23 07:20:43,439 - INFO - Успешное подключение к базе данных.
2024-05-23 07:20:43,441 - INFO - Кэш актуален, обновление не требуется.
2024-05-23 08:20:43,467 - INFO - Успешное подключение к базе данных.
2024-05-23 08:20:43,468 - INFO - Кэш актуален, обновление не требуется.
2024-05-23 09:20:43,491 - INFO - Успешное подключение к базе данных.
2024-05-23 09:20:43,499 - INFO - Кэш актуален, обновление не требуется.
2024-05-23 10:20:43,520 - INFO - Успешное подключение к базе данных.
2024-05-23 10:20:43,522 - INFO - Кэш актуален, обновление не требуется.
2024-05-23 11:20:43,536 - INFO - Успешное подключение к базе данных.
2024-05-23 11:20:43,537 - INFO - Кэш актуален, обновление не требуется.
2024-05-23 12:20:43,557 - INFO - Успешное подключение к базе данных.
2024-05-23 12:20:43,559 - INFO - Кэш актуален, обновление не требуется.
2024-05-23 13:20:43,579 - INFO - Успешное подключение к базе данных.
2024-05-23 13:20:43,580 - INFO - Кэш актуален, обновление не требуется.
2024-05-23 14:20:43,603 - INFO - Успешное подключение к базе данных.
2024-05-23 14:20:43,607 - INFO - Кэш актуален, обновление не требуется.
2024-05-23 15:20:43,621 - INFO - Успешное подключение к базе данных.
2024-05-23 15:20:43,623 - INFO - Кэш устарел, обновление базы данных...
2024-05-23 15:20:44,016 - INFO - Успешное подключение к базе данных.
2024-05-23 15:20:44,046 - INFO - База данных успешно обновлена.
2024-05-23 15:20:44,060 - INFO - Успешное подключение к базе данных.
2024-05-23 16:20:44,084 - INFO - Успешное подключение к базе данных.
2024-05-23 16:20:44,086 - INFO - Кэш актуален, обновление не требуется.
2024-05-23 17:20:44,103 - INFO - Успешное подключение к базе данных.
2024-05-23 17:20:44,105 - INFO - Кэш актуален, обновление не требуется.
2024-05-23 18:20:44,119 - INFO - Успешное подключение к базе данных.
2024-05-23 18:20:44,121 - INFO - Кэш актуален, обновление не требуется.
2024-05-23 19:20:44,136 - INFO - Успешное подключение к базе данных.
2024-05-23 19:20:44,138 - INFO - Кэш актуален, обновление не требуется.
2024-05-23 20:20:44,155 - INFO - Успешное подключение к базе данных.
2024-05-23 20:20:44,157 - INFO - Кэш актуален, обновление не требуется.
2024-05-23 21:20:44,169 - INFO - Успешное подключение к базе данных.
2024-05-23 21:20:44,171 - INFO - Кэш актуален, обновление не требуется.
2024-05-23 22:20:44,182 - INFO - Успешное подключение к базе данных.
2024-05-23 22:20:44,184 - INFO - Кэш актуален, обновление не требуется.
2024-05-23 23:20:44,208 - INFO - Успешное подключение к базе данных.
2024-05-23 23:20:44,209 - INFO - Кэш актуален, обновление не требуется.
2024-05-24 00:20:44,221 - INFO - Успешное подключение к базе данных.
2024-05-24 00:20:44,223 - INFO - Кэш актуален, обновление не требуется.
2024-05-24 01:20:44,237 - INFO - Успешное подключение к базе данных.
2024-05-24 01:20:44,239 - INFO - Кэш актуален, обновление не требуется.
2024-05-24 02:20:44,251 - INFO - Успешное подключение к базе данных.
2024-05-24 02:20:44,252 - INFO - Кэш актуален, обновление не требуется.
2024-05-24 03:20:44,270 - INFO - Успешное подключение к базе данных.
2024-05-24 03:20:44,271 - INFO - Кэш актуален, обновление не требуется.
2024-05-24 04:20:44,292 - INFO - Успешное подключение к базе данных.
2024-05-24 04:20:44,296 - INFO - Кэш актуален, обновление не требуется.
2024-05-24 05:20:44,311 - INFO - Успешное подключение к базе данных.
2024-05-24 05:20:44,312 - INFO - Кэш актуален, обновление не требуется.
2024-05-24 06:20:44,324 - INFO - Успешное подключение к базе данных.
2024-05-24 06:20:44,325 - INFO - Кэш актуален, обновление не требуется.
2024-05-24 07:20:44,342 - INFO - Успешное подключение к базе данных.
2024-05-24 07:20:44,343 - INFO - Кэш актуален, обновление не требуется.
2024-05-24 08:20:44,356 - INFO - Успешное подключение к базе данных.
2024-05-24 08:20:44,358 - INFO - Кэш актуален, обновление не требуется.
2024-05-24 09:20:44,371 - INFO - Успешное подключение к базе данных.
2024-05-24 09:20:44,373 - INFO - Кэш актуален, обновление не требуется.
2024-05-24 10:20:44,391 - INFO - Успешное подключение к базе данных.
2024-05-24 10:20:44,392 - INFO - Кэш актуален, обновление не требуется.
2024-05-24 11:20:44,406 - INFO - Успешное подключение к базе данных.
2024-05-24 11:20:44,407 - INFO - Кэш актуален, обновление не требуется.
2024-05-24 12:20:44,420 - INFO - Успешное подключение к базе данных.
2024-05-24 12:20:44,421 - INFO - Кэш актуален, обновление не требуется.
2024-05-24 13:20:44,436 - INFO - Успешное подключение к базе данных.
2024-05-24 13:20:44,437 - INFO - Кэш актуален, обновление не требуется.
2024-05-24 14:20:44,449 - INFO - Успешное подключение к базе данных.
2024-05-24 14:20:44,451 - INFO - Кэш актуален, обновление не требуется.
2024-05-24 15:20:44,468 - INFO - Успешное подключение к базе данных.
2024-05-24 15:20:44,469 - INFO - Кэш устарел, обновление базы данных...
2024-05-24 15:20:44,845 - INFO - Успешное подключение к базе данных.
2024-05-24 15:20:44,875 - INFO - База данных успешно обновлена.
2024-05-24 15:20:44,894 - INFO - Успешное подключение к базе данных.
2024-05-24 16:20:44,954 - INFO - Успешное подключение к базе данных.
2024-05-24 16:20:44,956 - INFO - Кэш актуален, обновление не требуется.
2024-05-24 17:20:44,974 - INFO - Успешное подключение к базе данных.
2024-05-24 17:20:44,976 - INFO - Кэш актуален, обновление не требуется.
2024-05-24 18:20:44,993 - INFO - Успешное подключение к базе данных.
2024-05-24 18:20:44,995 - INFO - Кэш актуален, обновление не требуется.
2024-05-24 19:20:45,006 - INFO - Успешное подключение к базе данных.
2024-05-24 19:20:45,007 - INFO - Кэш актуален, обновление не требуется.
2024-05-24 20:20:45,024 - INFO - Успешное подключение к базе данных.
2024-05-24 20:20:45,026 - INFO - Кэш актуален, обновление не требуется.
2024-05-24 21:20:45,036 - INFO - Успешное подключение к базе данных.
2024-05-24 21:20:45,037 - INFO - Кэш актуален, обновление не требуется.
2024-05-24 22:20:45,046 - INFO - Успешное подключение к базе данных.
2024-05-24 22:20:45,047 - INFO - Кэш актуален, обновление не требуется.
2024-05-24 23:20:45,056 - INFO - Успешное подключение к базе данных.
2024-05-24 23:20:45,057 - INFO - Кэш актуален, обновление не требуется.
2024-05-25 00:20:45,066 - INFO - Успешное подключение к базе данных.
2024-05-25 00:20:45,067 - INFO - Кэш актуален, обновление не требуется.
2024-05-25 01:20:45,082 - INFO - Успешное подключение к базе данных.
2024-05-25 01:20:45,083 - INFO - Кэш актуален, обновление не требуется.
2024-05-25 02:20:45,099 - INFO - Успешное подключение к базе данных.
2024-05-25 02:20:45,100 - INFO - Кэш актуален, обновление не требуется.
2024-05-25 03:20:45,112 - INFO - Успешное подключение к базе данных.
2024-05-25 03:20:45,112 - INFO - Кэш актуален, обновление не требуется.
2024-05-25 04:20:45,123 - INFO - Успешное подключение к базе данных.
2024-05-25 04:20:45,124 - INFO - Кэш актуален, обновление не требуется.
2024-05-25 05:20:45,132 - INFO - Успешное подключение к базе данных.
2024-05-25 05:20:45,132 - INFO - Кэш актуален, обновление не требуется.
2024-05-25 06:20:45,149 - INFO - Успешное подключение к базе данных.
2024-05-25 06:20:45,150 - INFO - Кэш актуален, обновление не требуется.
2024-05-25 07:20:45,169 - INFO - Успешное подключение к базе данных.
2024-05-25 07:20:45,170 - INFO - Кэш актуален, обновление не требуется.
2024-05-25 08:20:45,189 - INFO - Успешное подключение к базе данных.
2024-05-25 08:20:45,191 - INFO - Кэш актуален, обновление не требуется.
2024-05-25 09:20:45,207 - INFO - Успешное подключение к базе данных.
2024-05-25 09:20:45,209 - INFO - Кэш актуален, обновление не требуется.
2024-05-25 10:20:45,224 - INFO - Успешное подключение к базе данных.
2024-05-25 10:20:45,225 - INFO - Кэш актуален, обновление не требуется.
2024-05-25 11:20:45,238 - INFO - Успешное подключение к базе данных.
2024-05-25 11:20:45,240 - INFO - Кэш актуален, обновление не требуется.
2024-05-25 12:20:45,253 - INFO - Успешное подключение к базе данных.
2024-05-25 12:20:45,255 - INFO - Кэш актуален, обновление не требуется.
2024-05-25 13:20:45,273 - INFO - Успешное подключение к базе данных.
2024-05-25 13:20:45,275 - INFO - Кэш актуален, обновление не требуется.
2024-05-25 14:20:45,288 - INFO - Успешное подключение к базе данных.
2024-05-25 14:20:45,289 - INFO - Кэш актуален, обновление не требуется.
2024-05-25 15:20:45,303 - INFO - Успешное подключение к базе данных.
2024-05-25 15:20:45,305 - INFO - Кэш устарел, обновление базы данных...
2024-05-25 15:20:45,646 - INFO - Успешное подключение к базе данных.
2024-05-25 15:20:45,653 - INFO - База данных успешно обновлена.
2024-05-25 15:20:45,666 - INFO - Успешное подключение к базе данных.
2024-05-25 16:20:45,681 - INFO - Успешное подключение к базе данных.
2024-05-25 16:20:45,683 - INFO - Кэш актуален, обновление не требуется.
2024-05-25 17:20:45,698 - INFO - Успешное подключение к базе данных.
2024-05-25 17:20:45,699 - INFO - Кэш актуален, обновление не требуется.
2024-05-25 18:20:45,714 - INFO - Успешное подключение к базе данных.
2024-05-25 18:20:45,716 - INFO - Кэш актуален, обновление не требуется.
2024-05-25 19:20:45,729 - INFO - Успешное подключение к базе данных.
2024-05-25 19:20:45,731 - INFO - Кэш актуален, обновление не требуется.
2024-05-25 20:20:45,748 - INFO - Успешное подключение к базе данных.
2024-05-25 20:20:45,753 - INFO - Кэш актуален, обновление не требуется.
2024-05-25 21:20:45,766 - INFO - Успешное подключение к базе данных.
2024-05-25 21:20:45,768 - INFO - Кэш актуален, обновление не требуется.
2024-05-25 22:20:45,781 - INFO - Успешное подключение к базе данных.
2024-05-25 22:20:45,783 - INFO - Кэш актуален, обновление не требуется.
2024-05-25 23:20:45,796 - INFO - Успешное подключение к базе данных.
2024-05-25 23:20:45,798 - INFO - Кэш актуален, обновление не требуется.
2024-05-26 00:20:45,814 - INFO - Успешное подключение к базе данных.
2024-05-26 00:20:45,816 - INFO - Кэш актуален, обновление не требуется.
2024-05-26 01:20:45,828 - INFO - Успешное подключение к базе данных.
2024-05-26 01:20:45,830 - INFO - Кэш актуален, обновление не требуется.
2024-05-26 02:20:45,843 - INFO - Успешное подключение к базе данных.
2024-05-26 02:20:45,844 - INFO - Кэш актуален, обновление не требуется.
2024-05-26 03:20:45,858 - INFO - Успешное подключение к базе данных.
2024-05-26 03:20:45,859 - INFO - Кэш актуален, обновление не требуется.
2024-05-26 04:20:45,874 - INFO - Успешное подключение к базе данных.
2024-05-26 04:20:45,876 - INFO - Кэш актуален, обновление не требуется.
2024-05-26 05:20:45,888 - INFO - Успешное подключение к базе данных.
2024-05-26 05:20:45,890 - INFO - Кэш актуален, обновление не требуется.
2024-05-26 06:20:45,906 - INFO - Успешное подключение к базе данных.
2024-05-26 06:20:45,908 - INFO - Кэш актуален, обновление не требуется.
2024-05-26 07:20:45,921 - INFO - Успешное подключение к базе данных.
2024-05-26 07:20:45,923 - INFO - Кэш актуален, обновление не требуется.
2024-05-26 08:20:45,941 - INFO - Успешное подключение к базе данных.
2024-05-26 08:20:45,943 - INFO - Кэш актуален, обновление не требуется.
2024-05-26 09:20:45,955 - INFO - Успешное подключение к базе данных.
2024-05-26 09:20:45,956 - INFO - Кэш актуален, обновление не требуется.
2024-05-26 10:20:45,973 - INFO - Успешное подключение к базе данных.
2024-05-26 10:20:45,976 - INFO - Кэш актуален, обновление не требуется.
2024-05-26 11:20:45,988 - INFO - Успешное подключение к базе данных.
2024-05-26 11:20:45,990 - INFO - Кэш актуален, обновление не требуется.
2024-05-26 12:20:46,008 - INFO - Успешное подключение к базе данных.
2024-05-26 12:20:46,010 - INFO - Кэш актуален, обновление не требуется.
2024-05-26 13:20:46,026 - INFO - Успешное подключение к базе данных.
2024-05-26 13:20:46,027 - INFO - Кэш актуален, обновление не требуется.
2024-05-26 14:20:46,036 - INFO - Успешное подключение к базе данных.
2024-05-26 14:20:46,036 - INFO - Кэш актуален, обновление не требуется.
2024-05-26 15:20:46,045 - INFO - Успешное подключение к базе данных.
2024-05-26 15:20:46,046 - INFO - Кэш устарел, обновление базы данных...
2024-05-26 15:20:46,438 - INFO - Успешное подключение к базе данных.
2024-05-26 15:20:46,452 - INFO - База данных успешно обновлена.
2024-05-26 15:20:46,460 - INFO - Успешное подключение к базе данных.
2024-05-26 16:20:46,471 - INFO - Успешное подключение к базе данных.
2024-05-26 16:20:46,472 - INFO - Кэш актуален, обновление не требуется.
2024-05-26 17:20:46,481 - INFO - Успешное подключение к базе данных.
2024-05-26 17:20:46,481 - INFO - Кэш актуален, обновление не требуется.
2024-05-26 18:20:46,490 - INFO - Успешное подключение к базе данных.
2024-05-26 18:20:46,491 - INFO - Кэш актуален, обновление не требуется.
2024-05-26 19:20:46,500 - INFO - Успешное подключение к базе данных.
2024-05-26 19:20:46,500 - INFO - Кэш актуален, обновление не требуется.
2024-05-26 20:20:46,509 - INFO - Успешное подключение к базе данных.
2024-05-26 20:20:46,510 - INFO - Кэш актуален, обновление не требуется.
2024-05-26 21:20:46,520 - INFO - Успешное подключение к базе данных.
2024-05-26 21:20:46,520 - INFO - Кэш актуален, обновление не требуется.
2024-05-26 22:20:46,530 - INFO - Успешное подключение к базе данных.
2024-05-26 22:20:46,530 - INFO - Кэш актуален, обновление не требуется.
2024-05-26 23:20:46,539 - INFO - Успешное подключение к базе данных.
2024-05-26 23:20:46,540 - INFO - Кэш актуален, обновление не требуется.
2024-05-27 00:20:46,549 - INFO - Успешное подключение к базе данных.
2024-05-27 00:20:46,550 - INFO - Кэш актуален, обновление не требуется.
2024-05-27 01:20:46,558 - INFO - Успешное подключение к базе данных.
2024-05-27 01:20:46,559 - INFO - Кэш актуален, обновление не требуется.
2024-05-27 02:20:46,568 - INFO - Успешное подключение к базе данных.
2024-05-27 02:20:46,569 - INFO - Кэш актуален, обновление не требуется.
2024-05-27 03:20:46,578 - INFO - Успешное подключение к базе данных.
2024-05-27 03:20:46,579 - INFO - Кэш актуален, обновление не требуется.
2024-05-27 04:20:46,588 - INFO - Успешное подключение к базе данных.
2024-05-27 04:20:46,588 - INFO - Кэш актуален, обновление не требуется.
2024-05-27 05:20:46,597 - INFO - Успешное подключение к базе данных.
2024-05-27 05:20:46,597 - INFO - Кэш актуален, обновление не требуется.
2024-05-27 06:20:46,608 - INFO - Успешное подключение к базе данных.
2024-05-27 06:20:46,609 - INFO - Кэш актуален, обновление не требуется.
2024-05-27 07:20:46,618 - INFO - Успешное подключение к базе данных.
2024-05-27 07:20:46,619 - INFO - Кэш актуален, обновление не требуется.
2024-05-27 08:20:46,627 - INFO - Успешное подключение к базе данных.
2024-05-27 08:20:46,628 - INFO - Кэш актуален, обновление не требуется.
2024-05-27 09:20:46,636 - INFO - Успешное подключение к базе данных.
2024-05-27 09:20:46,637 - INFO - Кэш актуален, обновление не требуется.
2024-05-27 10:20:46,646 - INFO - Успешное подключение к базе данных.
2024-05-27 10:20:46,647 - INFO - Кэш актуален, обновление не требуется.
2024-05-27 11:20:46,655 - INFO - Успешное подключение к базе данных.
2024-05-27 11:20:46,656 - INFO - Кэш актуален, обновление не требуется.
2024-05-27 12:20:46,664 - INFO - Успешное подключение к базе данных.
2024-05-27 12:20:46,665 - INFO - Кэш актуален, обновление не требуется.
2024-05-27 13:20:46,674 - INFO - Успешное подключение к базе данных.
2024-05-27 13:20:46,674 - INFO - Кэш актуален, обновление не требуется.
2024-05-27 14:20:46,683 - INFO - Успешное подключение к базе данных.
2024-05-27 14:20:46,684 - INFO - Кэш актуален, обновление не требуется.
2024-05-27 15:20:46,692 - INFO - Успешное подключение к базе данных.
2024-05-27 15:20:46,693 - INFO - Кэш устарел, обновление базы данных...
2024-05-27 15:20:47,054 - INFO - Успешное подключение к базе данных.
2024-05-27 15:20:47,064 - INFO - База данных успешно обновлена.
2024-05-27 15:20:47,072 - INFO - Успешное подключение к базе данных.
2024-05-27 16:20:47,082 - INFO - Успешное подключение к базе данных.
2024-05-27 16:20:47,083 - INFO - Кэш актуален, обновление не требуется.
2024-05-27 17:20:47,091 - INFO - Успешное подключение к базе данных.
2024-05-27 17:20:47,092 - INFO - Кэш актуален, обновление не требуется.
2024-05-27 18:20:47,100 - INFO - Успешное подключение к базе данных.
2024-05-27 18:20:47,101 - INFO - Кэш актуален, обновление не требуется.
2024-05-27 19:20:47,110 - INFO - Успешное подключение к базе данных.
2024-05-27 19:20:47,110 - INFO - Кэш актуален, обновление не требуется.
2024-05-27 20:20:47,119 - INFO - Успешное подключение к базе данных.
2024-05-27 20:20:47,119 - INFO - Кэш актуален, обновление не требуется.
2024-05-27 21:20:47,129 - INFO - Успешное подключение к базе данных.
2024-05-27 21:20:47,130 - INFO - Кэш актуален, обновление не требуется.
2024-05-27 22:20:47,138 - INFO - Успешное подключение к базе данных.
2024-05-27 22:20:47,139 - INFO - Кэш актуален, обновление не требуется.
2024-05-27 23:20:47,147 - INFO - Успешное подключение к базе данных.
2024-05-27 23:20:47,148 - INFO - Кэш актуален, обновление не требуется.
2024-05-28 00:20:47,156 - INFO - Успешное подключение к базе данных.
2024-05-28 00:20:47,157 - INFO - Кэш актуален, обновление не требуется.
2024-05-28 01:20:47,165 - INFO - Успешное подключение к базе данных.
2024-05-28 01:20:47,166 - INFO - Кэш актуален, обновление не требуется.
2024-05-28 02:20:47,175 - INFO - Успешное подключение к базе данных.
2024-05-28 02:20:47,175 - INFO - Кэш актуален, обновление не требуется.
2024-05-28 03:20:47,183 - INFO - Успешное подключение к базе данных.
2024-05-28 03:20:47,184 - INFO - Кэш актуален, обновление не требуется.
2024-05-28 04:20:47,193 - INFO - Успешное подключение к базе данных.
2024-05-28 04:20:47,193 - INFO - Кэш актуален, обновление не требуется.
2024-05-28 05:20:47,202 - INFO - Успешное подключение к базе данных.
2024-05-28 05:20:47,202 - INFO - Кэш актуален, обновление не требуется.
2024-05-28 06:20:47,212 - INFO - Успешное подключение к базе данных.
2024-05-28 06:20:47,212 - INFO - Кэш актуален, обновление не требуется.
2024-05-28 07:20:47,221 - INFO - Успешное подключение к базе данных.
2024-05-28 07:20:47,221 - INFO - Кэш актуален, обновление не требуется.
2024-05-28 08:20:47,230 - INFO - Успешное подключение к базе данных.
2024-05-28 08:20:47,231 - INFO - Кэш актуален, обновление не требуется.
2024-05-28 09:20:47,241 - INFO - Успешное подключение к базе данных.
2024-05-28 09:20:47,242 - INFO - Кэш актуален, обновление не требуется.
2024-05-28 10:20:47,250 - INFO - Успешное подключение к базе данных.
2024-05-28 10:20:47,251 - INFO - Кэш актуален, обновление не требуется.
2024-05-28 11:20:47,259 - INFO - Успешное подключение к базе данных.
2024-05-28 11:20:47,260 - INFO - Кэш актуален, обновление не требуется.
2024-05-28 12:20:47,268 - INFO - Успешное подключение к базе данных.
2024-05-28 12:20:47,269 - INFO - Кэш актуален, обновление не требуется.
2024-05-28 13:20:47,277 - INFO - Успешное подключение к базе данных.
2024-05-28 13:20:47,278 - INFO - Кэш актуален, обновление не требуется.
2024-05-28 14:20:47,287 - INFO - Успешное подключение к базе данных.
2024-05-28 14:20:47,287 - INFO - Кэш актуален, обновление не требуется.
2024-05-28 15:20:47,295 - INFO - Успешное подключение к базе данных.
2024-05-28 15:20:47,296 - INFO - Кэш устарел, обновление базы данных...
2024-05-28 15:20:47,669 - INFO - Успешное подключение к базе данных.
2024-05-28 15:20:47,675 - INFO - База данных успешно обновлена.
2024-05-28 15:20:47,684 - INFO - Успешное подключение к базе данных.
2024-05-28 16:20:47,693 - INFO - Успешное подключение к базе данных.
2024-05-28 16:20:47,694 - INFO - Кэш актуален, обновление не требуется.
2024-05-28 17:20:47,702 - INFO - Успешное подключение к базе данных.
2024-05-28 17:20:47,703 - INFO - Кэш актуален, обновление не требуется.
2024-05-28 18:20:47,712 - INFO - Успешное подключение к базе данных.
2024-05-28 18:20:47,713 - INFO - Кэш актуален, обновление не требуется.
2024-05-28 19:20:47,723 - INFO - Успешное подключение к базе данных.
2024-05-28 19:20:47,723 - INFO - Кэш актуален, обновление не требуется.
2024-05-28 20:20:47,732 - INFO - Успешное подключение к базе данных.
2024-05-28 20:20:47,733 - INFO - Кэш актуален, обновление не требуется.
2024-05-28 21:20:47,742 - INFO - Успешное подключение к базе данных.
2024-05-28 21:20:47,744 - INFO - Кэш актуален, обновление не требуется.
2024-05-28 22:20:47,753 - INFO - Успешное подключение к базе данных.
2024-05-28 22:20:47,754 - INFO - Кэш актуален, обновление не требуется.
2024-05-28 23:20:47,763 - INFO - Успешное подключение к базе данных.
2024-05-28 23:20:47,763 - INFO - Кэш актуален, обновление не требуется.
2024-05-29 00:20:47,772 - INFO - Успешное подключение к базе данных.
2024-05-29 00:20:47,773 - INFO - Кэш актуален, обновление не требуется.
2024-05-29 01:20:47,782 - INFO - Успешное подключение к базе данных.
2024-05-29 01:20:47,783 - INFO - Кэш актуален, обновление не требуется.
2024-05-29 02:20:47,792 - INFO - Успешное подключение к базе данных.
2024-05-29 02:20:47,793 - INFO - Кэш актуален, обновление не требуется.
2024-05-29 03:20:47,802 - INFO - Успешное подключение к базе данных.
2024-05-29 03:20:47,803 - INFO - Кэш актуален, обновление не требуется.
2024-05-29 04:20:47,816 - INFO - Успешное подключение к базе данных.
2024-05-29 04:20:47,817 - INFO - Кэш актуален, обновление не требуется.
2024-05-29 05:20:47,827 - INFO - Успешное подключение к базе данных.
2024-05-29 05:20:47,827 - INFO - Кэш актуален, обновление не требуется.
2024-05-29 06:20:47,845 - INFO - Успешное подключение к базе данных.
2024-05-29 06:20:47,846 - INFO - Кэш актуален, обновление не требуется.
2024-05-29 07:20:47,855 - INFO - Успешное подключение к базе данных.
2024-05-29 07:20:47,856 - INFO - Кэш актуален, обновление не требуется.
2024-05-29 08:20:47,865 - INFO - Успешное подключение к базе данных.
2024-05-29 08:20:47,865 - INFO - Кэш актуален, обновление не требуется.
2024-05-29 09:20:47,875 - INFO - Успешное подключение к базе данных.
2024-05-29 09:20:47,875 - INFO - Кэш актуален, обновление не требуется.
2024-05-29 10:20:47,884 - INFO - Успешное подключение к базе данных.
2024-05-29 10:20:47,885 - INFO - Кэш актуален, обновление не требуется.
2024-05-29 11:20:47,894 - INFO - Успешное подключение к базе данных.
2024-05-29 11:20:47,895 - INFO - Кэш актуален, обновление не требуется.
2024-05-29 12:20:47,904 - INFO - Успешное подключение к базе данных.
2024-05-29 12:20:47,905 - INFO - Кэш актуален, обновление не требуется.
